{"/home/girish/iitb2020/intern/LearningProject2/jest/testClient.js": {"path":"/home/girish/iitb2020/intern/LearningProject2/jest/testClient.js","statementMap":{"0":{"start":{"line":7,"column":18},"end":{"line":9,"column":2}},"1":{"start":{"line":8,"column":2},"end":{"line":8,"column":78}},"2":{"start":{"line":8,"column":21},"end":{"line":8,"column":78}},"3":{"start":{"line":8,"column":56},"end":{"line":8,"column":76}},"4":{"start":{"line":11,"column":13},"end":{"line":11,"column":17}},"5":{"start":{"line":12,"column":12},"end":{"line":12,"column":38}},"6":{"start":{"line":13,"column":14},"end":{"line":15,"column":2}},"7":{"start":{"line":16,"column":13},"end":{"line":19,"column":2}},"8":{"start":{"line":21,"column":15},"end":{"line":24,"column":2}}},"fnMap":{"0":{"name":"(anonymous_0)","decl":{"start":{"line":7,"column":26},"end":{"line":7,"column":27}},"loc":{"start":{"line":7,"column":49},"end":{"line":9,"column":1}},"line":7},"1":{"name":"(anonymous_1)","decl":{"start":{"line":8,"column":39},"end":{"line":8,"column":40}},"loc":{"start":{"line":8,"column":56},"end":{"line":8,"column":76}},"line":8}},"branchMap":{"0":{"loc":{"start":{"line":8,"column":2},"end":{"line":8,"column":78}},"type":"if","locations":[{"start":{"line":8,"column":2},"end":{"line":8,"column":78}},{"start":{"line":8,"column":2},"end":{"line":8,"column":78}}],"line":8}},"s":{"0":2,"1":0,"2":0,"3":0,"4":2,"5":2,"6":2,"7":2,"8":2},"f":{"0":0,"1":0},"b":{"0":[0,0]},"_coverageSchema":"1a1c01bbd47fc00a2c39e90264f33305004495a9","hash":"9c19e4aea9dc6d2b1eeede6ff7ece972dc80122d"}
,"/home/girish/iitb2020/intern/LearningProject2/jest/testServer.js": {"path":"/home/girish/iitb2020/intern/LearningProject2/jest/testServer.js","statementMap":{"0":{"start":{"line":1,"column":32},"end":{"line":1,"column":55}},"1":{"start":{"line":4,"column":9},"end":{"line":4,"column":22}},"2":{"start":{"line":5,"column":13},"end":{"line":5,"column":28}},"3":{"start":{"line":7,"column":17},"end":{"line":9,"column":20}},"4":{"start":{"line":11,"column":18},"end":{"line":18,"column":1}},"5":{"start":{"line":20,"column":15},"end":{"line":23,"column":2}},"6":{"start":{"line":24,"column":15},"end":{"line":27,"column":2}}},"fnMap":{},"branchMap":{},"s":{"0":2,"1":2,"2":2,"3":2,"4":2,"5":2,"6":2},"f":{},"b":{},"_coverageSchema":"1a1c01bbd47fc00a2c39e90264f33305004495a9","hash":"b4cfced5e82a9a6f4812c38fa02d560adc604a31"}
,"/home/girish/iitb2020/intern/LearningProject2/resolvers/creator.js": {"path":"/home/girish/iitb2020/intern/LearningProject2/resolvers/creator.js","statementMap":{"0":{"start":{"line":1,"column":0},"end":{"line":15,"column":2}},"1":{"start":{"line":2,"column":2},"end":{"line":13,"column":7}},"2":{"start":{"line":14,"column":2},"end":{"line":14,"column":27}},"3":{"start":{"line":16,"column":0},"end":{"line":28,"column":2}},"4":{"start":{"line":17,"column":19},"end":{"line":22,"column":3}},"5":{"start":{"line":24,"column":2},"end":{"line":26,"column":3}},"6":{"start":{"line":25,"column":4},"end":{"line":25,"column":16}},"7":{"start":{"line":27,"column":2},"end":{"line":27,"column":23}},"8":{"start":{"line":29,"column":0},"end":{"line":43,"column":2}},"9":{"start":{"line":30,"column":2},"end":{"line":35,"column":4}},"10":{"start":{"line":36,"column":19},"end":{"line":41,"column":3}},"11":{"start":{"line":42,"column":2},"end":{"line":42,"column":23}}},"fnMap":{"0":{"name":"(anonymous_0)","decl":{"start":{"line":1,"column":15},"end":{"line":1,"column":16}},"loc":{"start":{"line":1,"column":33},"end":{"line":15,"column":1}},"line":1},"1":{"name":"(anonymous_1)","decl":{"start":{"line":16,"column":18},"end":{"line":16,"column":19}},"loc":{"start":{"line":16,"column":42},"end":{"line":28,"column":1}},"line":16},"2":{"name":"(anonymous_2)","decl":{"start":{"line":29,"column":21},"end":{"line":29,"column":22}},"loc":{"start":{"line":29,"column":54},"end":{"line":43,"column":1}},"line":29}},"branchMap":{"0":{"loc":{"start":{"line":24,"column":2},"end":{"line":26,"column":3}},"type":"if","locations":[{"start":{"line":24,"column":2},"end":{"line":26,"column":3}},{"start":{"line":24,"column":2},"end":{"line":26,"column":3}}],"line":24}},"s":{"0":2,"1":5,"2":5,"3":2,"4":3,"5":3,"6":1,"7":2,"8":2,"9":2,"10":2,"11":2},"f":{"0":5,"1":3,"2":2},"b":{"0":[1,2]},"_coverageSchema":"1a1c01bbd47fc00a2c39e90264f33305004495a9","hash":"1af7fc13febe13d456a8228bb690fcc67cd54db3"}
,"/home/girish/iitb2020/intern/LearningProject2/resolvers/mutation.js": {"path":"/home/girish/iitb2020/intern/LearningProject2/resolvers/mutation.js","statementMap":{"0":{"start":{"line":1,"column":13},"end":{"line":1,"column":36}},"1":{"start":{"line":2,"column":15},"end":{"line":2,"column":42}},"2":{"start":{"line":3,"column":0},"end":{"line":17,"column":2}},"3":{"start":{"line":4,"column":15},"end":{"line":11,"column":4}},"4":{"start":{"line":12,"column":2},"end":{"line":12,"column":28}},"5":{"start":{"line":13,"column":2},"end":{"line":13,"column":26}},"6":{"start":{"line":14,"column":13},"end":{"line":14,"column":62}},"7":{"start":{"line":15,"column":2},"end":{"line":15,"column":16}},"8":{"start":{"line":16,"column":2},"end":{"line":16,"column":14}}},"fnMap":{"0":{"name":"(anonymous_0)","decl":{"start":{"line":3,"column":15},"end":{"line":3,"column":16}},"loc":{"start":{"line":3,"column":50},"end":{"line":17,"column":1}},"line":3}},"branchMap":{},"s":{"0":2,"1":2,"2":2,"3":2,"4":2,"5":2,"6":2,"7":2,"8":2},"f":{"0":2},"b":{},"_coverageSchema":"1a1c01bbd47fc00a2c39e90264f33305004495a9","hash":"cfa3f7c3b9a30f8e99bb9fa54a756227a8dd7c13"}
,"/home/girish/iitb2020/intern/LearningProject2/resolvers/query.js": {"path":"/home/girish/iitb2020/intern/LearningProject2/resolvers/query.js","statementMap":{"0":{"start":{"line":1,"column":13},"end":{"line":1,"column":36}},"1":{"start":{"line":2,"column":15},"end":{"line":2,"column":42}},"2":{"start":{"line":3,"column":0},"end":{"line":16,"column":2}},"3":{"start":{"line":4,"column":15},"end":{"line":11,"column":4}},"4":{"start":{"line":12,"column":2},"end":{"line":12,"column":28}},"5":{"start":{"line":13,"column":13},"end":{"line":13,"column":47}},"6":{"start":{"line":14,"column":2},"end":{"line":14,"column":16}},"7":{"start":{"line":15,"column":2},"end":{"line":15,"column":14}}},"fnMap":{"0":{"name":"(anonymous_0)","decl":{"start":{"line":3,"column":15},"end":{"line":3,"column":16}},"loc":{"start":{"line":3,"column":38},"end":{"line":16,"column":1}},"line":3}},"branchMap":{},"s":{"0":2,"1":2,"2":2,"3":3,"4":3,"5":3,"6":3,"7":3},"f":{"0":3},"b":{},"_coverageSchema":"1a1c01bbd47fc00a2c39e90264f33305004495a9","hash":"37c0478b0d562557e6435efcab8a48d235dfa980"}
}
