TN:
SF:jest/testClient.js
FN:7,(anonymous_0)
FN:8,(anonymous_1)
FNF:2
FNH:0
FNDA:0,(anonymous_0)
FNDA:0,(anonymous_1)
DA:7,2
DA:8,0
DA:11,2
DA:12,2
DA:13,2
DA:16,2
DA:21,2
LF:7
LH:6
BRDA:8,0,0,0
BRDA:8,0,1,0
BRF:2
BRH:0
end_of_record
TN:
SF:jest/testServer.js
FNF:0
FNH:0
DA:1,2
DA:4,2
DA:5,2
DA:7,2
DA:11,2
DA:20,2
DA:24,2
LF:7
LH:7
BRF:0
BRH:0
end_of_record
TN:
SF:resolvers/creator.js
FN:1,(anonymous_0)
FN:16,(anonymous_1)
FN:29,(anonymous_2)
FNF:3
FNH:3
FNDA:5,(anonymous_0)
FNDA:3,(anonymous_1)
FNDA:2,(anonymous_2)
DA:1,2
DA:2,5
DA:14,5
DA:16,2
DA:17,3
DA:24,3
DA:25,1
DA:27,2
DA:29,2
DA:30,2
DA:36,2
DA:42,2
LF:12
LH:12
BRDA:24,0,0,1
BRDA:24,0,1,2
BRF:2
BRH:2
end_of_record
TN:
SF:resolvers/mutation.js
FN:3,(anonymous_0)
FNF:1
FNH:1
FNDA:2,(anonymous_0)
DA:1,2
DA:2,2
DA:3,2
DA:4,2
DA:12,2
DA:13,2
DA:14,2
DA:15,2
DA:16,2
LF:9
LH:9
BRF:0
BRH:0
end_of_record
TN:
SF:resolvers/query.js
FN:3,(anonymous_0)
FNF:1
FNH:1
FNDA:3,(anonymous_0)
DA:1,2
DA:2,2
DA:3,2
DA:4,3
DA:12,3
DA:13,3
DA:14,3
DA:15,3
LF:8
LH:8
BRF:0
BRH:0
end_of_record
